<?xml version="1.0" encoding="UTF-8"?>
<!-- Generated by org.testng.reporters.JUnitReportReporter -->
<testsuite skipped="0" hostname="Punyasmin-PC" name="Depend" tests="3" failures="0" timestamp="19 Oct 2016 02:36:31 GMT" time="0.016" errors="0">
  <testcase name="method1" time="0.012" classname="Depend"/>
  <testcase name="method3" time="0.002" classname="Depend"/>
  <testcase name="method2" time="0.002" classname="Depend"/>
</testsuite> <!-- Depend -->
